d:\smartboardgame_p\smartboardgame\games\pairs\debug\sundar_game.bsc
d:\smartboardgame_p\smartboardgame\games\pairs\debug\sundar_game.pch
d:\smartboardgame_p\smartboardgame\games\pairs\debug\vc120.pdb
d:\smartboardgame_p\smartboardgame\games\pairs\debug\vc120.idb
d:\smartboardgame_p\smartboardgame\games\pairs\debug\stdafx.sbr
d:\smartboardgame_p\smartboardgame\games\pairs\debug\stdafx.obj
d:\smartboardgame_p\smartboardgame\games\pairs\debug\sundar_gamedlg.sbr
d:\smartboardgame_p\smartboardgame\games\pairs\debug\sundar_game.sbr
d:\smartboardgame_p\smartboardgame\games\pairs\debug\scoredlg.sbr
d:\smartboardgame_p\smartboardgame\games\pairs\debug\instructdlg.sbr
d:\smartboardgame_p\smartboardgame\games\pairs\debug\instructdlg.obj
d:\smartboardgame_p\smartboardgame\games\pairs\debug\scoredlg.obj
d:\smartboardgame_p\smartboardgame\games\pairs\debug\sundar_game.obj
d:\smartboardgame_p\smartboardgame\games\pairs\debug\sundar_gamedlg.obj
d:\smartboardgame_p\smartboardgame\games\pairs\smartboardgame\bin\debug\bin.ilk
d:\smartboardgame_p\smartboardgame\games\pairs\smartboardgame\bin\debug\bin
d:\smartboardgame\bin\debug\bin\sundar_game.pdb
d:\smartboardgame_p\smartboardgame\games\pairs\debug\sundar_game.res
d:\smartboardgame_p\smartboardgame\games\pairs\debug\sundar_game.tlog\bscmake.command.1.tlog
d:\smartboardgame_p\smartboardgame\games\pairs\debug\sundar_game.tlog\bscmake.read.1.tlog
d:\smartboardgame_p\smartboardgame\games\pairs\debug\sundar_game.tlog\bscmake.write.1.tlog
d:\smartboardgame_p\smartboardgame\games\pairs\debug\sundar_game.tlog\cl.command.1.tlog
d:\smartboardgame_p\smartboardgame\games\pairs\debug\sundar_game.tlog\cl.read.1.tlog
d:\smartboardgame_p\smartboardgame\games\pairs\debug\sundar_game.tlog\cl.write.1.tlog
d:\smartboardgame_p\smartboardgame\games\pairs\debug\sundar_game.tlog\link.command.1.tlog
d:\smartboardgame_p\smartboardgame\games\pairs\debug\sundar_game.tlog\link.read.1.tlog
d:\smartboardgame_p\smartboardgame\games\pairs\debug\sundar_game.tlog\link.write.1.tlog
d:\smartboardgame_p\smartboardgame\games\pairs\debug\sundar_game.tlog\rc.command.1.tlog
d:\smartboardgame_p\smartboardgame\games\pairs\debug\sundar_game.tlog\rc.read.1.tlog
d:\smartboardgame_p\smartboardgame\games\pairs\debug\sundar_game.tlog\rc.write.1.tlog
